<?xml version="1.0" encoding="UTF-8"?>
<!-- Generated by org.testng.reporters.JUnitXMLReporter -->
<testsuite hostname="WIN-01607201740" ignored="0" name="case1" tests="4" failures="0" timestamp="15 三月 2018 07:05:08 GMT" time="0.081" errors="0">
  <testcase name="f" time="0.006" classname="com.sugon.suite.TestConfiguration"/>
  <testcase name="f2" time="0.002" classname="com.sugon.suite.TestConfiguration"/>
  <testcase name="runOtherTest1" time="0.002" classname="com.sugon.suite.TestDBConnection"/>
  <testcase name="runOtherTest2" time="0.002" classname="com.sugon.suite.TestDBConnection"/>
</testsuite> <!-- case1 -->
