<?xml version="1.0" encoding="UTF-8"?>
<!-- Generated by org.testng.reporters.JUnitXMLReporter -->
<testsuite hostname="WIN-01607201740" ignored="0" name="final" tests="7" failures="0" timestamp="15 三月 2018 08:15:49 GMT" time="0.084" errors="0">
  <testcase name="runSelenium" time="0.01" classname="com.sugon.group.TestSelenium"/>
  <testcase name="runSelenium1" time="0.004" classname="com.sugon.group.TestSelenium"/>
  <testcase name="runSelenium" time="0.001" classname="com.sugon.group.TestGroup"/>
  <testcase name="runSelenium1" time="0.002" classname="com.sugon.group.TestGroup"/>
  <testcase name="testConnectMsSQL" time="0.003" classname="com.sugon.group.TestGroup"/>
  <testcase name="testConnectOracle" time="0.002" classname="com.sugon.group.TestGroup"/>
  <testcase name="runFinal" time="0.007" classname="com.sugon.group.TestGroup"/>
</testsuite> <!-- final -->
