<?xml version="1.0" encoding="UTF-8"?>
<!-- Generated by org.testng.reporters.JUnitXMLReporter -->
<testsuite hostname="WIN-01607201740" ignored="0" name="order" tests="4" failures="0" timestamp="15 三月 2018 08:34:49 GMT" time="0.056" errors="0">
  <testcase name="testFindOrder" time="0.006" classname="com.sugon.suite.test.TestOrder"/>
  <testcase name="testMakeEmptyOrder" time="0.005" classname="com.sugon.suite.test.TestOrder"/>
  <testcase name="testMakeOrder" time="0.001" classname="com.sugon.suite.test.TestOrder"/>
  <testcase name="testUpdateOrder" time="0.002" classname="com.sugon.suite.test.TestOrder"/>
</testsuite> <!-- order -->
