<?xml version="1.0" encoding="UTF-8"?>
<!-- Generated by org.testng.reporters.JUnitXMLReporter -->
<testsuite hostname="WIN-01607201740" ignored="3" name="selenium" tests="4" failures="0" timestamp="15 三月 2018 08:15:49 GMT" time="0.035" errors="0">
  <testcase name="runSelenium" time="0.003" classname="com.sugon.group.TestSelenium"/>
  <testcase name="runSelenium1" time="0.001" classname="com.sugon.group.TestSelenium"/>
  <testcase name="runSelenium" time="0.006" classname="com.sugon.group.TestGroup"/>
  <testcase name="runSelenium1" time="0.003" classname="com.sugon.group.TestGroup"/>
  <testcase name="runFinal" time="0.0" classname="com.sugon.group.TestGroup">
    <ignored/>
  </testcase> <!-- runFinal -->
  <testcase name="testConnectOracle" time="0.0" classname="com.sugon.group.TestGroup">
    <ignored/>
  </testcase> <!-- testConnectOracle -->
  <testcase name="testConnectMsSQL" time="0.0" classname="com.sugon.group.TestGroup">
    <ignored/>
  </testcase> <!-- testConnectMsSQL -->
</testsuite> <!-- selenium -->
