<?xml version="1.0" encoding="UTF-8"?>
<!-- Generated by org.testng.reporters.JUnitXMLReporter -->
<testsuite hostname="WIN-01607201740" ignored="1" name="example1" tests="1" failures="0" timestamp="16 三月 2018 02:12:50 GMT" time="0.059" errors="0">
  <testcase name="test1" time="0.015" classname="com.sugon.parameter.TestParameterDataProvider4"/>
  <testcase name="test2" time="0.0" classname="com.sugon.parameter.TestParameterDataProvider4">
    <ignored/>
  </testcase> <!-- test2 -->
</testsuite> <!-- example1 -->
