<?xml version="1.0" encoding="UTF-8"?>
<!-- Generated by org.testng.reporters.JUnitXMLReporter -->
<testsuite hostname="WIN-01607201740" ignored="0" name="TestCase1" tests="6" failures="0" timestamp="15 三月 2018 09:24:37 GMT" time="0.072" errors="0">
  <testcase name="deployServer" time="0.01" classname="com.sugon.depends.TestServer"/>
  <testcase name="deployBackUpServer" time="0.003" classname="com.sugon.depends.TestServer"/>
  <testcase name="initDB" time="0.002" classname="com.sugon.depends.TestDatabase"/>
  <testcase name="testConnection" time="0.001" classname="com.sugon.depends.TestDatabase"/>
  <testcase name="method1" time="0.002" classname="com.sugon.depends.TestApp"/>
  <testcase name="method2" time="0.004" classname="com.sugon.depends.TestApp"/>
</testsuite> <!-- TestCase1 -->
