<?xml version="1.0" encoding="UTF-8"?>
<testng-results skipped="0" failed="0" ignored="0" total="1" passed="1">
  <reporter-output>
  </reporter-output>
  <suite name="Default suite" duration-ms="3386" started-at="2018-04-13T07:23:54Z" finished-at="2018-04-13T07:23:57Z">
    <groups>
    </groups>
    <test name="Default test" duration-ms="3386" started-at="2018-04-13T07:23:54Z" finished-at="2018-04-13T07:23:57Z">
      <class name="com.sugon.test.insertData">
        <test-method status="PASS" signature="f()[pri:0, instance:com.sugon.test.insertData@5419f379]" name="f" duration-ms="3326" started-at="2018-04-13T07:23:54Z" finished-at="2018-04-13T07:23:57Z">
          <reporter-output>
          </reporter-output>
        </test-method> <!-- f -->
      </class> <!-- com.sugon.test.insertData -->
    </test> <!-- Default test -->
  </suite> <!-- Default suite -->
</testng-results>
